[NX Daemon Server] - 2024-07-10T01:30:55.926Z - Started listening on: /var/folders/81/jn__kmr53ljddl376v9l17_40000gq/T/b5fd84dc04295560f9cc/d.sock
[NX Daemon Server] - 2024-07-10T01:30:55.927Z - [WATCHER]: Subscribed to changes within: /Users/hynes/Projects/dialtone (native)
[NX Daemon Server] - 2024-07-10T01:30:55.932Z - Established a connection. Number of open connections: 1
[NX Daemon Server] - 2024-07-10T01:30:55.933Z - Established a connection. Number of open connections: 2
[NX Daemon Server] - 2024-07-10T01:30:55.934Z - Closed a connection. Number of open connections: 1
[NX Daemon Server] - 2024-07-10T01:30:55.935Z - [REQUEST]: Responding to the client. recordOutputsHash
[NX Daemon Server] - 2024-07-10T01:30:55.935Z - Done responding to the client recordOutputsHash
[NX Daemon Server] - 2024-07-10T01:30:55.935Z - Handled RECORD_OUTPUTS_HASH. Handling time: 1. Response time: 0.
[NX Daemon Server] - 2024-07-10T01:30:55.941Z - Closed a connection. Number of open connections: 0
[NX Daemon Server] - 2024-07-10T01:30:56.847Z - Established a connection. Number of open connections: 1
[NX Daemon Server] - 2024-07-10T01:30:56.848Z - Closed a connection. Number of open connections: 0
[NX Daemon Server] - 2024-07-10T01:30:56.848Z - Established a connection. Number of open connections: 1
[NX Daemon Server] - 2024-07-10T01:30:56.849Z - [REQUEST]: Client Request for Project Graph Received
[NX Daemon Server] - 2024-07-10T01:30:56.861Z - [REQUEST]: Updated workspace context based on watched changes, recomputing project graph...
[NX Daemon Server] - 2024-07-10T01:30:56.861Z - [REQUEST]: 
[NX Daemon Server] - 2024-07-10T01:30:56.861Z - [REQUEST]: 
[NX Daemon Server] - 2024-07-10T01:30:57.460Z - [REQUEST]: Responding to the client. project-graph
[NX Daemon Server] - 2024-07-10T01:30:57.464Z - Time taken for 'total for creating and serializing project graph' 610.7224159240723ms
[NX Daemon Server] - 2024-07-10T01:30:57.466Z - Done responding to the client project-graph
[NX Daemon Server] - 2024-07-10T01:30:57.466Z - Handled REQUEST_PROJECT_GRAPH. Handling time: 611. Response time: 6.
[NX Daemon Server] - 2024-07-10T01:30:57.505Z - [REQUEST]: Responding to the client. handleHashTasks
[NX Daemon Server] - 2024-07-10T01:30:57.507Z - Done responding to the client handleHashTasks
[NX Daemon Server] - 2024-07-10T01:30:57.507Z - Handled HASH_TASKS. Handling time: 25. Response time: 2.
[NX Daemon Server] - 2024-07-10T01:30:58.173Z - Established a connection. Number of open connections: 2
[NX Daemon Server] - 2024-07-10T01:30:58.173Z - Closed a connection. Number of open connections: 1
[NX Daemon Server] - 2024-07-10T01:30:58.174Z - Established a connection. Number of open connections: 2
[NX Daemon Server] - 2024-07-10T01:30:58.175Z - [REQUEST]: Client Request for Project Graph Received
[NX Daemon Server] - 2024-07-10T01:30:58.175Z - [REQUEST]: Responding to the client. project-graph
[NX Daemon Server] - 2024-07-10T01:30:58.178Z - Time taken for 'total for creating and serializing project graph' 0.1727921962738037ms
[NX Daemon Server] - 2024-07-10T01:30:58.181Z - Done responding to the client project-graph
[NX Daemon Server] - 2024-07-10T01:30:58.181Z - Handled REQUEST_PROJECT_GRAPH. Handling time: 0. Response time: 6.
[NX Daemon Server] - 2024-07-10T01:30:58.226Z - [REQUEST]: Responding to the client. handleHashTasks
[NX Daemon Server] - 2024-07-10T01:30:58.228Z - Done responding to the client handleHashTasks
[NX Daemon Server] - 2024-07-10T01:30:58.228Z - Handled HASH_TASKS. Handling time: 32. Response time: 2.
[NX Daemon Server] - 2024-07-10T01:30:58.966Z - [WATCHER]: Processing file changes in outputs
[NX Daemon Server] - 2024-07-10T01:30:59.019Z - [WATCHER]: Processing file changes in outputs
[NX Daemon Server] - 2024-07-10T01:30:59.124Z - [WATCHER]: Processing file changes in outputs
[NX Daemon Server] - 2024-07-10T01:30:59.183Z - [WATCHER]: Processing file changes in outputs
[NX Daemon Server] - 2024-07-10T01:30:59.242Z - [WATCHER]: Processing file changes in outputs
[NX Daemon Server] - 2024-07-10T01:30:59.302Z - [WATCHER]: Processing file changes in outputs
[NX Daemon Server] - 2024-07-10T01:30:59.357Z - [WATCHER]: Processing file changes in outputs
[NX Daemon Server] - 2024-07-10T01:30:59.409Z - [WATCHER]: Processing file changes in outputs
[NX Daemon Server] - 2024-07-10T01:30:59.464Z - [WATCHER]: Processing file changes in outputs
[NX Daemon Server] - 2024-07-10T01:30:59.525Z - [WATCHER]: Processing file changes in outputs
[NX Daemon Server] - 2024-07-10T01:30:59.582Z - [WATCHER]: Processing file changes in outputs
[NX Daemon Server] - 2024-07-10T01:30:59.639Z - [WATCHER]: Processing file changes in outputs
[NX Daemon Server] - 2024-07-10T01:30:59.695Z - [WATCHER]: Processing file changes in outputs
[NX Daemon Server] - 2024-07-10T01:30:59.751Z - [WATCHER]: Processing file changes in outputs
[NX Daemon Server] - 2024-07-10T01:30:59.808Z - [WATCHER]: Processing file changes in outputs
[NX Daemon Server] - 2024-07-10T01:30:59.877Z - [WATCHER]: Processing file changes in outputs
[NX Daemon Server] - 2024-07-10T01:30:59.931Z - [WATCHER]: Processing file changes in outputs
[NX Daemon Server] - 2024-07-10T01:30:59.983Z - [WATCHER]: Processing file changes in outputs
[NX Daemon Server] - 2024-07-10T01:31:00.048Z - [WATCHER]: Processing file changes in outputs
[NX Daemon Server] - 2024-07-10T01:31:00.101Z - [WATCHER]: Processing file changes in outputs
[NX Daemon Server] - 2024-07-10T01:31:00.126Z - [WATCHER]: 0 file(s) created or restored, 2 file(s) modified, 0 file(s) deleted
[NX Daemon Server] - 2024-07-10T01:31:00.175Z - [WATCHER]: Processing file changes in outputs
[NX Daemon Server] - 2024-07-10T01:31:00.230Z - [REQUEST]: Updated workspace context based on watched changes, recomputing project graph...
[NX Daemon Server] - 2024-07-10T01:31:00.230Z - [REQUEST]: packages/dialtone-icons/src/keywords-icons.json,packages/dialtone-icons/src/keywords-illustrations.json
[NX Daemon Server] - 2024-07-10T01:31:00.230Z - [REQUEST]: 
[NX Daemon Server] - 2024-07-10T01:31:00.302Z - Established a connection. Number of open connections: 3
[NX Daemon Server] - 2024-07-10T01:31:00.302Z - Established a connection. Number of open connections: 4
[NX Daemon Server] - 2024-07-10T01:31:00.302Z - [WATCHER]: Processing file changes in outputs
[NX Daemon Server] - 2024-07-10T01:31:00.303Z - Time taken for 'hash changed files from watcher' 1.9842500686645508ms
[NX Daemon Server] - 2024-07-10T01:31:00.303Z - [REQUEST]: Client Request for Project Graph Received
[NX Daemon Server] - 2024-07-10T01:31:00.303Z - [REQUEST]: Responding to the client. project-graph
[NX Daemon Server] - 2024-07-10T01:31:00.306Z - Time taken for 'total for creating and serializing project graph' 0.0620419979095459ms
[NX Daemon Server] - 2024-07-10T01:31:00.306Z - Closed a connection. Number of open connections: 3
[NX Daemon Server] - 2024-07-10T01:31:00.309Z - Done responding to the client project-graph
[NX Daemon Server] - 2024-07-10T01:31:00.309Z - Handled REQUEST_PROJECT_GRAPH. Handling time: 0. Response time: 6.
[NX Daemon Server] - 2024-07-10T01:31:00.340Z - [REQUEST]: Responding to the client. handleHashTasks
[NX Daemon Server] - 2024-07-10T01:31:00.340Z - Done responding to the client handleHashTasks
[NX Daemon Server] - 2024-07-10T01:31:00.340Z - Handled HASH_TASKS. Handling time: 19. Response time: 0.
[NX Daemon Server] - 2024-07-10T01:31:00.362Z - [WATCHER]: Processing file changes in outputs
[NX Daemon Server] - 2024-07-10T01:31:00.455Z - [WATCHER]: Processing file changes in outputs
[NX Daemon Server] - 2024-07-10T01:31:00.545Z - [WATCHER]: Processing file changes in outputs
[NX Daemon Server] - 2024-07-10T01:31:00.622Z - [WATCHER]: Processing file changes in outputs
[NX Daemon Server] - 2024-07-10T01:31:00.714Z - [WATCHER]: Processing file changes in outputs
[NX Daemon Server] - 2024-07-10T01:31:00.818Z - [WATCHER]: Processing file changes in outputs
[NX Daemon Server] - 2024-07-10T01:31:00.887Z - [WATCHER]: Processing file changes in outputs
[NX Daemon Server] - 2024-07-10T01:31:00.959Z - [WATCHER]: Processing file changes in outputs
[NX Daemon Server] - 2024-07-10T01:31:01.028Z - [WATCHER]: 1 file(s) created or restored, 0 file(s) modified, 1 file(s) deleted
[NX Daemon Server] - 2024-07-10T01:31:01.028Z - [WATCHER]: Processing file changes in outputs
[NX Daemon Server] - 2024-07-10T01:31:01.091Z - [WATCHER]: Processing file changes in outputs
[NX Daemon Server] - 2024-07-10T01:31:01.092Z - [WATCHER]: packages/dialtone-icons/vue3/vite.config.js.timestamp-1720575060964-ca4550856e08c.mjs was deleted
[NX Daemon Server] - 2024-07-10T01:31:01.131Z - [REQUEST]: Updated workspace context based on watched changes, recomputing project graph...
[NX Daemon Server] - 2024-07-10T01:31:01.131Z - [REQUEST]: 
[NX Daemon Server] - 2024-07-10T01:31:01.131Z - [REQUEST]: packages/dialtone-icons/vue2/vite.config.js.timestamp-1720575060972-2fb53660e7d1.mjs,packages/dialtone-icons/vue3/vite.config.js.timestamp-1720575060964-ca4550856e08c.mjs
[NX Daemon Server] - 2024-07-10T01:31:01.208Z - [WATCHER]: Processing file changes in outputs
[NX Daemon Server] - 2024-07-10T01:31:01.209Z - Time taken for 'hash changed files from watcher' 2.4342918395996094ms
[NX Daemon Server] - 2024-07-10T01:31:01.260Z - [WATCHER]: Processing file changes in outputs
[NX Daemon Server] - 2024-07-10T01:31:01.337Z - [WATCHER]: Processing file changes in outputs
[NX Daemon Server] - 2024-07-10T01:31:01.390Z - [WATCHER]: Processing file changes in outputs
[NX Daemon Server] - 2024-07-10T01:31:01.477Z - [WATCHER]: Processing file changes in outputs
[NX Daemon Server] - 2024-07-10T01:31:01.544Z - [WATCHER]: Processing file changes in outputs
[NX Daemon Server] - 2024-07-10T01:31:01.597Z - [WATCHER]: Processing file changes in outputs
[NX Daemon Server] - 2024-07-10T01:31:01.653Z - [WATCHER]: Processing file changes in outputs
[NX Daemon Server] - 2024-07-10T01:31:01.745Z - [REQUEST]: Responding to the client. recordOutputsHash
[NX Daemon Server] - 2024-07-10T01:31:01.745Z - Done responding to the client recordOutputsHash
[NX Daemon Server] - 2024-07-10T01:31:01.745Z - Handled RECORD_OUTPUTS_HASH. Handling time: 38. Response time: 0.
[NX Daemon Server] - 2024-07-10T01:31:01.809Z - [WATCHER]: Processing file changes in outputs
[NX Daemon Server] - 2024-07-10T01:31:02.067Z - [WATCHER]: Processing file changes in outputs
[NX Daemon Server] - 2024-07-10T01:31:02.122Z - [WATCHER]: Processing file changes in outputs
[NX Daemon Server] - 2024-07-10T01:31:02.173Z - [WATCHER]: Processing file changes in outputs
[NX Daemon Server] - 2024-07-10T01:31:02.227Z - [WATCHER]: Processing file changes in outputs
[NX Daemon Server] - 2024-07-10T01:31:02.417Z - [WATCHER]: Processing file changes in outputs
[NX Daemon Server] - 2024-07-10T01:31:02.471Z - [WATCHER]: Processing file changes in outputs
[NX Daemon Server] - 2024-07-10T01:31:02.523Z - [WATCHER]: Processing file changes in outputs
[NX Daemon Server] - 2024-07-10T01:31:02.574Z - [WATCHER]: Processing file changes in outputs
[NX Daemon Server] - 2024-07-10T01:31:02.646Z - [WATCHER]: Processing file changes in outputs
[NX Daemon Server] - 2024-07-10T01:31:02.709Z - [WATCHER]: Processing file changes in outputs
[NX Daemon Server] - 2024-07-10T01:31:02.759Z - [WATCHER]: Processing file changes in outputs
[NX Daemon Server] - 2024-07-10T01:31:03.058Z - [WATCHER]: Processing file changes in outputs
[NX Daemon Server] - 2024-07-10T01:31:03.111Z - [WATCHER]: Processing file changes in outputs
[NX Daemon Server] - 2024-07-10T01:31:03.163Z - [WATCHER]: Processing file changes in outputs
[NX Daemon Server] - 2024-07-10T01:31:03.228Z - [WATCHER]: Processing file changes in outputs
[NX Daemon Server] - 2024-07-10T01:31:03.282Z - [WATCHER]: Processing file changes in outputs
[NX Daemon Server] - 2024-07-10T01:31:03.338Z - [WATCHER]: Processing file changes in outputs
[NX Daemon Server] - 2024-07-10T01:31:03.428Z - [REQUEST]: Responding to the client. recordOutputsHash
[NX Daemon Server] - 2024-07-10T01:31:03.428Z - Done responding to the client recordOutputsHash
[NX Daemon Server] - 2024-07-10T01:31:03.428Z - Handled RECORD_OUTPUTS_HASH. Handling time: 19. Response time: 0.
[NX Daemon Server] - 2024-07-10T01:31:03.510Z - [WATCHER]: Processing file changes in outputs
[NX Daemon Server] - 2024-07-10T01:31:03.561Z - [WATCHER]: Processing file changes in outputs
[NX Daemon Server] - 2024-07-10T01:31:03.611Z - [WATCHER]: Processing file changes in outputs
[NX Daemon Server] - 2024-07-10T01:31:03.662Z - [WATCHER]: Processing file changes in outputs
[NX Daemon Server] - 2024-07-10T01:31:03.715Z - [WATCHER]: Processing file changes in outputs
[NX Daemon Server] - 2024-07-10T01:31:03.797Z - [WATCHER]: Processing file changes in outputs
[NX Daemon Server] - 2024-07-10T01:31:03.850Z - [WATCHER]: Processing file changes in outputs
[NX Daemon Server] - 2024-07-10T01:31:03.902Z - [WATCHER]: Processing file changes in outputs
[NX Daemon Server] - 2024-07-10T01:31:03.956Z - [WATCHER]: Processing file changes in outputs
[NX Daemon Server] - 2024-07-10T01:31:04.092Z - [REQUEST]: Responding to the client. recordOutputsHash
[NX Daemon Server] - 2024-07-10T01:31:04.092Z - Done responding to the client recordOutputsHash
[NX Daemon Server] - 2024-07-10T01:31:04.092Z - Handled RECORD_OUTPUTS_HASH. Handling time: 16. Response time: 0.
[NX Daemon Server] - 2024-07-10T01:31:04.158Z - [WATCHER]: Processing file changes in outputs
[NX Daemon Server] - 2024-07-10T01:31:04.212Z - [WATCHER]: Processing file changes in outputs
[NX Daemon Server] - 2024-07-10T01:31:04.263Z - [WATCHER]: Processing file changes in outputs
[NX Daemon Server] - 2024-07-10T01:31:04.359Z - Closed a connection. Number of open connections: 2
[NX Daemon Server] - 2024-07-10T01:31:04.442Z - [REQUEST]: Responding to the client. recordOutputsHash
[NX Daemon Server] - 2024-07-10T01:31:04.442Z - Done responding to the client recordOutputsHash
[NX Daemon Server] - 2024-07-10T01:31:04.442Z - Handled RECORD_OUTPUTS_HASH. Handling time: 44. Response time: 0.
[NX Daemon Server] - 2024-07-10T01:31:05.609Z - [REQUEST]: Responding to the client. recordOutputsHash
[NX Daemon Server] - 2024-07-10T01:31:05.609Z - Done responding to the client recordOutputsHash
[NX Daemon Server] - 2024-07-10T01:31:05.609Z - Handled RECORD_OUTPUTS_HASH. Handling time: 34. Response time: 0.
[NX Daemon Server] - 2024-07-10T01:31:05.609Z - [WATCHER]: Processing file changes in outputs
[NX Daemon Server] - 2024-07-10T01:31:06.952Z - [WATCHER]: Processing file changes in outputs
[NX Daemon Server] - 2024-07-10T01:31:07.005Z - [WATCHER]: Processing file changes in outputs
[NX Daemon Server] - 2024-07-10T01:31:07.490Z - [WATCHER]: Processing file changes in outputs
[NX Daemon Server] - 2024-07-10T01:31:07.490Z - [WATCHER]: 0 file(s) created or restored, 0 file(s) modified, 2 file(s) deleted
[NX Daemon Server] - 2024-07-10T01:31:07.694Z - [REQUEST]: Updated workspace context based on watched changes, recomputing project graph...
[NX Daemon Server] - 2024-07-10T01:31:07.694Z - [REQUEST]: 
[NX Daemon Server] - 2024-07-10T01:31:07.694Z - [REQUEST]: packages/dialtone-vue3/vite.config.js.timestamp-1720575067423-3ccf964f6127d.mjs,packages/dialtone-vue2/vite.config.js.timestamp-1720575067423-7acaa1a8cd51f.mjs
[NX Daemon Server] - 2024-07-10T01:31:07.766Z - Time taken for 'hash changed files from watcher' 2.410792112350464ms
[NX Daemon Server] - 2024-07-10T01:31:08.425Z - [WATCHER]: Processing file changes in outputs
[NX Daemon Server] - 2024-07-10T01:31:08.556Z - [WATCHER]: Processing file changes in outputs
[NX Daemon Server] - 2024-07-10T01:31:08.710Z - [WATCHER]: Processing file changes in outputs
[NX Daemon Server] - 2024-07-10T01:31:08.875Z - [WATCHER]: Processing file changes in outputs
[NX Daemon Server] - 2024-07-10T01:31:15.336Z - [WATCHER]: Processing file changes in outputs
[NX Daemon Server] - 2024-07-10T01:31:15.393Z - [WATCHER]: Processing file changes in outputs
[NX Daemon Server] - 2024-07-10T01:31:15.445Z - [WATCHER]: Processing file changes in outputs
[NX Daemon Server] - 2024-07-10T01:31:15.497Z - [WATCHER]: Processing file changes in outputs
[NX Daemon Server] - 2024-07-10T01:31:15.551Z - [WATCHER]: Processing file changes in outputs
[NX Daemon Server] - 2024-07-10T01:31:15.604Z - [WATCHER]: Processing file changes in outputs
[NX Daemon Server] - 2024-07-10T01:31:15.671Z - [WATCHER]: Processing file changes in outputs
[NX Daemon Server] - 2024-07-10T01:31:15.724Z - [WATCHER]: Processing file changes in outputs
[NX Daemon Server] - 2024-07-10T01:31:15.780Z - [WATCHER]: Processing file changes in outputs
[NX Daemon Server] - 2024-07-10T01:31:15.834Z - [WATCHER]: Processing file changes in outputs
[NX Daemon Server] - 2024-07-10T01:31:15.886Z - [WATCHER]: Processing file changes in outputs
[NX Daemon Server] - 2024-07-10T01:31:15.939Z - [WATCHER]: Processing file changes in outputs
[NX Daemon Server] - 2024-07-10T01:31:15.990Z - [WATCHER]: Processing file changes in outputs
[NX Daemon Server] - 2024-07-10T01:31:16.057Z - [WATCHER]: Processing file changes in outputs
[NX Daemon Server] - 2024-07-10T01:31:16.115Z - [WATCHER]: Processing file changes in outputs
[NX Daemon Server] - 2024-07-10T01:31:16.194Z - [WATCHER]: Processing file changes in outputs
[NX Daemon Server] - 2024-07-10T01:31:16.247Z - [WATCHER]: Processing file changes in outputs
[NX Daemon Server] - 2024-07-10T01:31:16.298Z - [WATCHER]: Processing file changes in outputs
[NX Daemon Server] - 2024-07-10T01:31:16.364Z - [WATCHER]: Processing file changes in outputs
[NX Daemon Server] - 2024-07-10T01:31:16.417Z - [WATCHER]: Processing file changes in outputs
[NX Daemon Server] - 2024-07-10T01:31:17.473Z - [REQUEST]: Responding to the client. recordOutputsHash
[NX Daemon Server] - 2024-07-10T01:31:17.473Z - Done responding to the client recordOutputsHash
[NX Daemon Server] - 2024-07-10T01:31:17.473Z - Handled RECORD_OUTPUTS_HASH. Handling time: 38. Response time: 0.
[NX Daemon Server] - 2024-07-10T01:31:17.473Z - [WATCHER]: Processing file changes in outputs
[NX Daemon Server] - 2024-07-10T01:31:17.529Z - [REQUEST]: Responding to the client. recordOutputsHash
[NX Daemon Server] - 2024-07-10T01:31:17.530Z - Done responding to the client recordOutputsHash
[NX Daemon Server] - 2024-07-10T01:31:17.530Z - Handled RECORD_OUTPUTS_HASH. Handling time: 56. Response time: 1.
[NX Daemon Server] - 2024-07-10T01:31:17.530Z - [WATCHER]: Processing file changes in outputs
[NX Daemon Server] - 2024-07-10T01:31:17.554Z - [WATCHER]: Processing file changes in outputs
[NX Daemon Server] - 2024-07-10T01:31:17.606Z - [WATCHER]: Processing file changes in outputs
[NX Daemon Server] - 2024-07-10T01:31:18.081Z - [WATCHER]: Processing file changes in outputs
[NX Daemon Server] - 2024-07-10T01:31:18.134Z - [WATCHER]: Processing file changes in outputs
[NX Daemon Server] - 2024-07-10T01:31:18.186Z - [WATCHER]: Processing file changes in outputs
[NX Daemon Server] - 2024-07-10T01:31:18.295Z - [WATCHER]: Processing file changes in outputs
[NX Daemon Server] - 2024-07-10T01:31:18.349Z - [WATCHER]: Processing file changes in outputs
[NX Daemon Server] - 2024-07-10T01:31:18.401Z - [WATCHER]: Processing file changes in outputs
[NX Daemon Server] - 2024-07-10T01:31:18.453Z - [WATCHER]: Processing file changes in outputs
[NX Daemon Server] - 2024-07-10T01:31:18.503Z - [WATCHER]: Processing file changes in outputs
[NX Daemon Server] - 2024-07-10T01:31:18.555Z - [WATCHER]: Processing file changes in outputs
[NX Daemon Server] - 2024-07-10T01:31:18.607Z - [WATCHER]: Processing file changes in outputs
[NX Daemon Server] - 2024-07-10T01:31:18.702Z - [REQUEST]: Responding to the client. recordOutputsHash
[NX Daemon Server] - 2024-07-10T01:31:18.702Z - Done responding to the client recordOutputsHash
[NX Daemon Server] - 2024-07-10T01:31:18.702Z - Handled RECORD_OUTPUTS_HASH. Handling time: 55. Response time: 0.
[NX Daemon Server] - 2024-07-10T01:31:18.702Z - [WATCHER]: Processing file changes in outputs
[NX Daemon Server] - 2024-07-10T01:31:18.718Z - [WATCHER]: Processing file changes in outputs
[NX Daemon Server] - 2024-07-10T01:31:18.773Z - [WATCHER]: Processing file changes in outputs
[NX Daemon Server] - 2024-07-10T01:31:20.399Z - [WATCHER]: apps/dialtone-documentation/docs/.vuepress/config.js.bee3f008.mjs was created or restored
[NX Daemon Server] - 2024-07-10T01:31:20.399Z - [WATCHER]: Processing file changes in outputs
[NX Daemon Server] - 2024-07-10T01:31:20.503Z - [REQUEST]: Updated workspace context based on watched changes, recomputing project graph...
[NX Daemon Server] - 2024-07-10T01:31:20.503Z - [REQUEST]: apps/dialtone-documentation/docs/.vuepress/config.js.bee3f008.mjs
[NX Daemon Server] - 2024-07-10T01:31:20.503Z - [REQUEST]: 
[NX Daemon Server] - 2024-07-10T01:31:20.589Z - [WATCHER]: apps/dialtone-documentation/docs/.vuepress/config.js.bee3f008.mjs was deleted
[NX Daemon Server] - 2024-07-10T01:31:20.589Z - [WATCHER]: Processing file changes in outputs
[NX Daemon Server] - 2024-07-10T01:31:20.589Z - Time taken for 'hash changed files from watcher' 1.9319169521331787ms
[NX Daemon Server] - 2024-07-10T01:31:20.791Z - [REQUEST]: Updated workspace context based on watched changes, recomputing project graph...
[NX Daemon Server] - 2024-07-10T01:31:20.791Z - [REQUEST]: 
[NX Daemon Server] - 2024-07-10T01:31:20.791Z - [REQUEST]: apps/dialtone-documentation/docs/.vuepress/config.js.bee3f008.mjs
[NX Daemon Server] - 2024-07-10T01:31:20.862Z - Time taken for 'hash changed files from watcher' 2.355875015258789ms
[NX Daemon Server] - 2024-07-10T01:31:21.808Z - [WATCHER]: Processing file changes in outputs
[NX Daemon Server] - 2024-07-10T01:31:21.864Z - [WATCHER]: Processing file changes in outputs
[NX Daemon Server] - 2024-07-10T01:31:22.068Z - [WATCHER]: Processing file changes in outputs
[NX Daemon Server] - 2024-07-10T01:31:22.233Z - [WATCHER]: Processing file changes in outputs
[NX Daemon Server] - 2024-07-10T01:31:22.466Z - [WATCHER]: Processing file changes in outputs
[NX Daemon Server] - 2024-07-10T01:31:23.185Z - [WATCHER]: packages/dialtone-vue2/vite.config.js.timestamp-1720575083121-d2483320fd455.mjs was created or restored
[NX Daemon Server] - 2024-07-10T01:31:23.185Z - [WATCHER]: Processing file changes in outputs
[NX Daemon Server] - 2024-07-10T01:31:23.253Z - [WATCHER]: 1 file(s) created or restored, 0 file(s) modified, 1 file(s) deleted
[NX Daemon Server] - 2024-07-10T01:31:23.253Z - [WATCHER]: Processing file changes in outputs
[NX Daemon Server] - 2024-07-10T01:31:23.288Z - [REQUEST]: Updated workspace context based on watched changes, recomputing project graph...
[NX Daemon Server] - 2024-07-10T01:31:23.288Z - [REQUEST]: packages/dialtone-vue3/vite.config.js.timestamp-1720575083241-e58f5ab099194.mjs
[NX Daemon Server] - 2024-07-10T01:31:23.288Z - [REQUEST]: packages/dialtone-vue2/vite.config.js.timestamp-1720575083121-d2483320fd455.mjs
[NX Daemon Server] - 2024-07-10T01:31:23.352Z - [WATCHER]: packages/dialtone-vue3/vite.config.js.timestamp-1720575083241-e58f5ab099194.mjs was deleted
[NX Daemon Server] - 2024-07-10T01:31:23.352Z - [WATCHER]: Processing file changes in outputs
[NX Daemon Server] - 2024-07-10T01:31:23.352Z - Time taken for 'hash changed files from watcher' 2.225250005722046ms
[NX Daemon Server] - 2024-07-10T01:31:23.555Z - [REQUEST]: Updated workspace context based on watched changes, recomputing project graph...
[NX Daemon Server] - 2024-07-10T01:31:23.555Z - [REQUEST]: 
[NX Daemon Server] - 2024-07-10T01:31:23.555Z - [REQUEST]: packages/dialtone-vue3/vite.config.js.timestamp-1720575083241-e58f5ab099194.mjs
[NX Daemon Server] - 2024-07-10T01:31:23.613Z - Time taken for 'hash changed files from watcher' 1.9917089939117432ms
[NX Daemon Server] - 2024-07-10T01:31:24.155Z - [WATCHER]: Processing file changes in outputs
[NX Daemon Server] - 2024-07-10T01:31:24.384Z - [WATCHER]: Processing file changes in outputs
[NX Daemon Server] - 2024-07-10T01:31:24.952Z - [WATCHER]: packages/dialtone-vue2/vite.config.js.timestamp-1720575084881-04183b2505408.mjs was deleted
[NX Daemon Server] - 2024-07-10T01:31:24.952Z - [WATCHER]: Processing file changes in outputs
[NX Daemon Server] - 2024-07-10T01:31:25.013Z - [WATCHER]: 1 file(s) created or restored, 0 file(s) modified, 1 file(s) deleted
[NX Daemon Server] - 2024-07-10T01:31:25.013Z - [WATCHER]: Processing file changes in outputs
[NX Daemon Server] - 2024-07-10T01:31:25.084Z - [WATCHER]: packages/dialtone-vue3/vite.config.js.timestamp-1720575084993-6bae55832a2e2.mjs was deleted
[NX Daemon Server] - 2024-07-10T01:31:25.085Z - [WATCHER]: Processing file changes in outputs
[NX Daemon Server] - 2024-07-10T01:31:25.209Z - [WATCHER]: Processing file changes in outputs
[NX Daemon Server] - 2024-07-10T01:31:25.355Z - [REQUEST]: Updated workspace context based on watched changes, recomputing project graph...
[NX Daemon Server] - 2024-07-10T01:31:25.355Z - [REQUEST]: 
[NX Daemon Server] - 2024-07-10T01:31:25.355Z - [REQUEST]: packages/dialtone-vue2/vite.config.js.timestamp-1720575084881-04183b2505408.mjs,packages/dialtone-vue3/vite.config.js.timestamp-1720575084993-6bae55832a2e2.mjs
[NX Daemon Server] - 2024-07-10T01:31:25.419Z - Time taken for 'hash changed files from watcher' 2.506166934967041ms
[NX Daemon Server] - 2024-07-10T01:31:25.930Z - [WATCHER]: packages/dialtone-vue2/vite.config.js.timestamp-1720575085868-64625a3e262b1.mjs was created or restored
[NX Daemon Server] - 2024-07-10T01:31:25.931Z - [WATCHER]: Processing file changes in outputs
[NX Daemon Server] - 2024-07-10T01:31:25.985Z - [WATCHER]: Processing file changes in outputs
[NX Daemon Server] - 2024-07-10T01:31:26.002Z - [WATCHER]: packages/dialtone-vue2/vite.config.js.timestamp-1720575085868-64625a3e262b1.mjs was deleted
[NX Daemon Server] - 2024-07-10T01:31:26.051Z - [REQUEST]: Updated workspace context based on watched changes, recomputing project graph...
[NX Daemon Server] - 2024-07-10T01:31:26.051Z - [REQUEST]: 
[NX Daemon Server] - 2024-07-10T01:31:26.051Z - [REQUEST]: packages/dialtone-vue2/vite.config.js.timestamp-1720575085868-64625a3e262b1.mjs
[NX Daemon Server] - 2024-07-10T01:31:26.211Z - [WATCHER]: packages/dialtone-vue3/vite.config.js.timestamp-1720575086101-9d869141521e7.mjs was created or restored
[NX Daemon Server] - 2024-07-10T01:31:26.211Z - [WATCHER]: Processing file changes in outputs
[NX Daemon Server] - 2024-07-10T01:31:26.212Z - Time taken for 'hash changed files from watcher' 15.817291021347046ms
[NX Daemon Server] - 2024-07-10T01:31:26.219Z - [WATCHER]: packages/dialtone-vue3/vite.config.js.timestamp-1720575086101-9d869141521e7.mjs was deleted
[NX Daemon Server] - 2024-07-10T01:31:26.219Z - [WATCHER]: Processing file changes in outputs
[NX Daemon Server] - 2024-07-10T01:31:26.445Z - [REQUEST]: Updated workspace context based on watched changes, recomputing project graph...
[NX Daemon Server] - 2024-07-10T01:31:26.446Z - [REQUEST]: 
[NX Daemon Server] - 2024-07-10T01:31:26.446Z - [REQUEST]: packages/dialtone-vue3/vite.config.js.timestamp-1720575086101-9d869141521e7.mjs
[NX Daemon Server] - 2024-07-10T01:31:26.514Z - Time taken for 'hash changed files from watcher' 28.456666946411133ms
[NX Daemon Server] - 2024-07-10T01:36:15.782Z - [WATCHER]: apps/dialtone-documentation/docs/.vuepress/theme/index.js was modified
[NX Daemon Server] - 2024-07-10T01:36:15.787Z - [WATCHER]: Processing file changes in outputs
[NX Daemon Server] - 2024-07-10T01:36:16.002Z - [WATCHER]: apps/dialtone-documentation/docs/.vuepress/config.js.11f15c62.mjs was deleted
[NX Daemon Server] - 2024-07-10T01:36:16.002Z - [WATCHER]: Processing file changes in outputs
[NX Daemon Server] - 2024-07-10T01:36:16.195Z - [REQUEST]: Updated workspace context based on watched changes, recomputing project graph...
[NX Daemon Server] - 2024-07-10T01:36:16.195Z - [REQUEST]: apps/dialtone-documentation/docs/.vuepress/theme/index.js
[NX Daemon Server] - 2024-07-10T01:36:16.195Z - [REQUEST]: apps/dialtone-documentation/docs/.vuepress/config.js.11f15c62.mjs
[NX Daemon Server] - 2024-07-10T01:36:16.319Z - Time taken for 'hash changed files from watcher' 5.24150013923645ms
[NX Daemon Server] - 2024-07-10T01:36:17.261Z - [REQUEST]: Responding to the client. recordOutputsHash
[NX Daemon Server] - 2024-07-10T01:36:17.261Z - Done responding to the client recordOutputsHash
[NX Daemon Server] - 2024-07-10T01:36:17.261Z - Handled RECORD_OUTPUTS_HASH. Handling time: 0. Response time: 0.
[NX Daemon Server] - 2024-07-10T01:36:26.237Z - Closed a connection. Number of open connections: 1
[NX Daemon Server] - 2024-07-10T01:36:26.301Z - [REQUEST]: Responding to the client. recordOutputsHash
[NX Daemon Server] - 2024-07-10T01:36:26.301Z - Done responding to the client recordOutputsHash
[NX Daemon Server] - 2024-07-10T01:36:26.302Z - Handled RECORD_OUTPUTS_HASH. Handling time: 0. Response time: 1.
[NX Daemon Server] - 2024-07-10T01:36:26.307Z - Closed a connection. Number of open connections: 0
[NX Daemon Server] - 2024-07-10T01:36:27.202Z - Established a connection. Number of open connections: 1
[NX Daemon Server] - 2024-07-10T01:36:27.202Z - Closed a connection. Number of open connections: 0
[NX Daemon Server] - 2024-07-10T01:36:27.202Z - Established a connection. Number of open connections: 1
[NX Daemon Server] - 2024-07-10T01:36:27.203Z - [REQUEST]: Client Request for Project Graph Received
[NX Daemon Server] - 2024-07-10T01:36:27.203Z - [REQUEST]: Responding to the client. project-graph
[NX Daemon Server] - 2024-07-10T01:36:27.206Z - Time taken for 'total for creating and serializing project graph' 0.17874979972839355ms
[NX Daemon Server] - 2024-07-10T01:36:27.209Z - Done responding to the client project-graph
[NX Daemon Server] - 2024-07-10T01:36:27.209Z - Handled REQUEST_PROJECT_GRAPH. Handling time: 0. Response time: 6.
[NX Daemon Server] - 2024-07-10T01:36:27.245Z - [REQUEST]: Responding to the client. handleHashTasks
[NX Daemon Server] - 2024-07-10T01:36:27.246Z - Done responding to the client handleHashTasks
[NX Daemon Server] - 2024-07-10T01:36:27.246Z - Handled HASH_TASKS. Handling time: 25. Response time: 1.
[NX Daemon Server] - 2024-07-10T01:36:27.885Z - Established a connection. Number of open connections: 2
[NX Daemon Server] - 2024-07-10T01:36:27.885Z - Closed a connection. Number of open connections: 1
[NX Daemon Server] - 2024-07-10T01:36:27.886Z - Established a connection. Number of open connections: 2
[NX Daemon Server] - 2024-07-10T01:36:27.887Z - [REQUEST]: Client Request for Project Graph Received
[NX Daemon Server] - 2024-07-10T01:36:27.887Z - [REQUEST]: Responding to the client. project-graph
[NX Daemon Server] - 2024-07-10T01:36:27.890Z - Time taken for 'total for creating and serializing project graph' 0.09279203414916992ms
[NX Daemon Server] - 2024-07-10T01:36:27.893Z - Done responding to the client project-graph
[NX Daemon Server] - 2024-07-10T01:36:27.893Z - Handled REQUEST_PROJECT_GRAPH. Handling time: 0. Response time: 6.
[NX Daemon Server] - 2024-07-10T01:36:27.937Z - [REQUEST]: Responding to the client. handleHashTasks
[NX Daemon Server] - 2024-07-10T01:36:27.939Z - Done responding to the client handleHashTasks
[NX Daemon Server] - 2024-07-10T01:36:27.939Z - Handled HASH_TASKS. Handling time: 31. Response time: 2.
[NX Daemon Server] - 2024-07-10T01:36:28.011Z - [REQUEST]: Responding to the client. outputsHashesMatch
[NX Daemon Server] - 2024-07-10T01:36:28.011Z - Done responding to the client outputsHashesMatch
[NX Daemon Server] - 2024-07-10T01:36:28.011Z - Handled OUTPUTS_HASHES_MATCH. Handling time: 26. Response time: 0.
[NX Daemon Server] - 2024-07-10T01:36:28.083Z - [REQUEST]: Responding to the client. outputsHashesMatch
[NX Daemon Server] - 2024-07-10T01:36:28.083Z - Done responding to the client outputsHashesMatch
[NX Daemon Server] - 2024-07-10T01:36:28.083Z - Handled OUTPUTS_HASHES_MATCH. Handling time: 32. Response time: 0.
[NX Daemon Server] - 2024-07-10T01:36:28.150Z - [REQUEST]: Responding to the client. recordOutputsHash
[NX Daemon Server] - 2024-07-10T01:36:28.150Z - Done responding to the client recordOutputsHash
[NX Daemon Server] - 2024-07-10T01:36:28.150Z - Handled RECORD_OUTPUTS_HASH. Handling time: 24. Response time: 0.
[NX Daemon Server] - 2024-07-10T01:36:28.179Z - [REQUEST]: Responding to the client. recordOutputsHash
[NX Daemon Server] - 2024-07-10T01:36:28.179Z - Done responding to the client recordOutputsHash
[NX Daemon Server] - 2024-07-10T01:36:28.179Z - Handled RECORD_OUTPUTS_HASH. Handling time: 27. Response time: 0.
[NX Daemon Server] - 2024-07-10T01:36:28.217Z - [REQUEST]: Responding to the client. outputsHashesMatch
[NX Daemon Server] - 2024-07-10T01:36:28.217Z - Done responding to the client outputsHashesMatch
[NX Daemon Server] - 2024-07-10T01:36:28.217Z - Handled OUTPUTS_HASHES_MATCH. Handling time: 27. Response time: 0.
[NX Daemon Server] - 2024-07-10T01:36:28.246Z - [REQUEST]: Responding to the client. recordOutputsHash
[NX Daemon Server] - 2024-07-10T01:36:28.246Z - Done responding to the client recordOutputsHash
[NX Daemon Server] - 2024-07-10T01:36:28.246Z - Handled RECORD_OUTPUTS_HASH. Handling time: 28. Response time: 0.
[NX Daemon Server] - 2024-07-10T01:36:28.286Z - [REQUEST]: Responding to the client. outputsHashesMatch
[NX Daemon Server] - 2024-07-10T01:36:28.286Z - Done responding to the client outputsHashesMatch
[NX Daemon Server] - 2024-07-10T01:36:28.286Z - Handled OUTPUTS_HASHES_MATCH. Handling time: 35. Response time: 0.
[NX Daemon Server] - 2024-07-10T01:36:28.323Z - [REQUEST]: Responding to the client. outputsHashesMatch
[NX Daemon Server] - 2024-07-10T01:36:28.323Z - Done responding to the client outputsHashesMatch
[NX Daemon Server] - 2024-07-10T01:36:28.323Z - Handled OUTPUTS_HASHES_MATCH. Handling time: 34. Response time: 0.
[NX Daemon Server] - 2024-07-10T01:36:28.358Z - [REQUEST]: Responding to the client. recordOutputsHash
[NX Daemon Server] - 2024-07-10T01:36:28.358Z - Done responding to the client recordOutputsHash
[NX Daemon Server] - 2024-07-10T01:36:28.358Z - Handled RECORD_OUTPUTS_HASH. Handling time: 32. Response time: 0.
[NX Daemon Server] - 2024-07-10T01:36:28.392Z - [REQUEST]: Responding to the client. recordOutputsHash
[NX Daemon Server] - 2024-07-10T01:36:28.392Z - Done responding to the client recordOutputsHash
[NX Daemon Server] - 2024-07-10T01:36:28.392Z - Handled RECORD_OUTPUTS_HASH. Handling time: 33. Response time: 0.
[NX Daemon Server] - 2024-07-10T01:36:28.445Z - [REQUEST]: Responding to the client. outputsHashesMatch
[NX Daemon Server] - 2024-07-10T01:36:28.445Z - Done responding to the client outputsHashesMatch
[NX Daemon Server] - 2024-07-10T01:36:28.445Z - Handled OUTPUTS_HASHES_MATCH. Handling time: 50. Response time: 0.
[NX Daemon Server] - 2024-07-10T01:36:28.494Z - [REQUEST]: Responding to the client. recordOutputsHash
[NX Daemon Server] - 2024-07-10T01:36:28.494Z - Done responding to the client recordOutputsHash
[NX Daemon Server] - 2024-07-10T01:36:28.494Z - Handled RECORD_OUTPUTS_HASH. Handling time: 48. Response time: 0.
[NX Daemon Server] - 2024-07-10T01:36:29.476Z - [WATCHER]: Processing file changes in outputs
[NX Daemon Server] - 2024-07-10T01:36:29.477Z - [WATCHER]: apps/dialtone-documentation/docs/.vuepress/config.js.11f15c62.mjs was created or restored
[NX Daemon Server] - 2024-07-10T01:36:29.574Z - [WATCHER]: Processing file changes in outputs
[NX Daemon Server] - 2024-07-10T01:36:29.579Z - [REQUEST]: Updated workspace context based on watched changes, recomputing project graph...
[NX Daemon Server] - 2024-07-10T01:36:29.579Z - [REQUEST]: apps/dialtone-documentation/docs/.vuepress/config.js.11f15c62.mjs
[NX Daemon Server] - 2024-07-10T01:36:29.579Z - [REQUEST]: 
[NX Daemon Server] - 2024-07-10T01:36:29.653Z - [WATCHER]: Processing file changes in outputs
[NX Daemon Server] - 2024-07-10T01:36:29.653Z - Time taken for 'hash changed files from watcher' 2.009208917617798ms
[NX Daemon Server] - 2024-07-10T01:36:29.669Z - [WATCHER]: apps/dialtone-documentation/docs/.vuepress/config.js.11f15c62.mjs was deleted
[NX Daemon Server] - 2024-07-10T01:36:29.682Z - [WATCHER]: Processing file changes in outputs
[NX Daemon Server] - 2024-07-10T01:36:29.872Z - [REQUEST]: Updated workspace context based on watched changes, recomputing project graph...
[NX Daemon Server] - 2024-07-10T01:36:29.872Z - [REQUEST]: 
[NX Daemon Server] - 2024-07-10T01:36:29.872Z - [REQUEST]: apps/dialtone-documentation/docs/.vuepress/config.js.11f15c62.mjs
[NX Daemon Server] - 2024-07-10T01:36:29.955Z - Time taken for 'hash changed files from watcher' 2.1205830574035645ms
[NX Daemon Server] - 2024-07-10T01:36:30.538Z - [WATCHER]: Processing file changes in outputs
[NX Daemon Server] - 2024-07-10T01:36:31.123Z - [REQUEST]: Responding to the client. recordOutputsHash
[NX Daemon Server] - 2024-07-10T01:36:31.124Z - Done responding to the client recordOutputsHash
[NX Daemon Server] - 2024-07-10T01:36:31.124Z - Handled RECORD_OUTPUTS_HASH. Handling time: 0. Response time: 1.
[NX Daemon Server] - 2024-07-10T01:36:56.577Z - [WATCHER]: apps/dialtone-documentation/docs/.vuepress/config.js was modified
[NX Daemon Server] - 2024-07-10T01:36:56.577Z - [WATCHER]: Processing file changes in outputs
[NX Daemon Server] - 2024-07-10T01:36:56.990Z - [REQUEST]: Updated workspace context based on watched changes, recomputing project graph...
[NX Daemon Server] - 2024-07-10T01:36:56.990Z - [REQUEST]: apps/dialtone-documentation/docs/.vuepress/config.js
[NX Daemon Server] - 2024-07-10T01:36:56.990Z - [REQUEST]: 
[NX Daemon Server] - 2024-07-10T01:36:57.089Z - Time taken for 'hash changed files from watcher' 7.113665819168091ms
[NX Daemon Server] - 2024-07-10T01:36:59.421Z - Closed a connection. Number of open connections: 1
[NX Daemon Server] - 2024-07-10T01:36:59.483Z - [REQUEST]: Responding to the client. recordOutputsHash
[NX Daemon Server] - 2024-07-10T01:36:59.483Z - Done responding to the client recordOutputsHash
[NX Daemon Server] - 2024-07-10T01:36:59.483Z - Handled RECORD_OUTPUTS_HASH. Handling time: 0. Response time: 0.
[NX Daemon Server] - 2024-07-10T01:36:59.487Z - Closed a connection. Number of open connections: 0
[NX Daemon Server] - 2024-07-10T01:37:00.739Z - Established a connection. Number of open connections: 1
[NX Daemon Server] - 2024-07-10T01:37:00.740Z - Closed a connection. Number of open connections: 0
[NX Daemon Server] - 2024-07-10T01:37:00.740Z - Established a connection. Number of open connections: 1
[NX Daemon Server] - 2024-07-10T01:37:00.741Z - [REQUEST]: Client Request for Project Graph Received
[NX Daemon Server] - 2024-07-10T01:37:00.741Z - [REQUEST]: Responding to the client. project-graph
[NX Daemon Server] - 2024-07-10T01:37:00.744Z - Time taken for 'total for creating and serializing project graph' 0.08891606330871582ms
[NX Daemon Server] - 2024-07-10T01:37:00.747Z - Done responding to the client project-graph
[NX Daemon Server] - 2024-07-10T01:37:00.747Z - Handled REQUEST_PROJECT_GRAPH. Handling time: 0. Response time: 6.
[NX Daemon Server] - 2024-07-10T01:37:00.783Z - [REQUEST]: Responding to the client. handleHashTasks
[NX Daemon Server] - 2024-07-10T01:37:00.784Z - Done responding to the client handleHashTasks
[NX Daemon Server] - 2024-07-10T01:37:00.784Z - Handled HASH_TASKS. Handling time: 25. Response time: 1.
[NX Daemon Server] - 2024-07-10T01:37:01.421Z - Established a connection. Number of open connections: 2
[NX Daemon Server] - 2024-07-10T01:37:01.422Z - Closed a connection. Number of open connections: 1
[NX Daemon Server] - 2024-07-10T01:37:01.422Z - Established a connection. Number of open connections: 2
[NX Daemon Server] - 2024-07-10T01:37:01.423Z - [REQUEST]: Client Request for Project Graph Received
[NX Daemon Server] - 2024-07-10T01:37:01.423Z - [REQUEST]: Responding to the client. project-graph
[NX Daemon Server] - 2024-07-10T01:37:01.427Z - Time taken for 'total for creating and serializing project graph' 0.09549999237060547ms
[NX Daemon Server] - 2024-07-10T01:37:01.429Z - Done responding to the client project-graph
[NX Daemon Server] - 2024-07-10T01:37:01.429Z - Handled REQUEST_PROJECT_GRAPH. Handling time: 0. Response time: 6.
[NX Daemon Server] - 2024-07-10T01:37:01.473Z - [REQUEST]: Responding to the client. handleHashTasks
[NX Daemon Server] - 2024-07-10T01:37:01.475Z - Done responding to the client handleHashTasks
[NX Daemon Server] - 2024-07-10T01:37:01.475Z - Handled HASH_TASKS. Handling time: 31. Response time: 2.
[NX Daemon Server] - 2024-07-10T01:37:01.549Z - [REQUEST]: Responding to the client. outputsHashesMatch
[NX Daemon Server] - 2024-07-10T01:37:01.549Z - Done responding to the client outputsHashesMatch
[NX Daemon Server] - 2024-07-10T01:37:01.549Z - Handled OUTPUTS_HASHES_MATCH. Handling time: 26. Response time: 0.
[NX Daemon Server] - 2024-07-10T01:37:01.620Z - [REQUEST]: Responding to the client. outputsHashesMatch
[NX Daemon Server] - 2024-07-10T01:37:01.620Z - Done responding to the client outputsHashesMatch
[NX Daemon Server] - 2024-07-10T01:37:01.620Z - Handled OUTPUTS_HASHES_MATCH. Handling time: 31. Response time: 0.
[NX Daemon Server] - 2024-07-10T01:37:01.686Z - [REQUEST]: Responding to the client. recordOutputsHash
[NX Daemon Server] - 2024-07-10T01:37:01.686Z - Done responding to the client recordOutputsHash
[NX Daemon Server] - 2024-07-10T01:37:01.686Z - Handled RECORD_OUTPUTS_HASH. Handling time: 25. Response time: 0.
[NX Daemon Server] - 2024-07-10T01:37:01.715Z - [REQUEST]: Responding to the client. recordOutputsHash
[NX Daemon Server] - 2024-07-10T01:37:01.715Z - Done responding to the client recordOutputsHash
[NX Daemon Server] - 2024-07-10T01:37:01.715Z - Handled RECORD_OUTPUTS_HASH. Handling time: 28. Response time: 0.
[NX Daemon Server] - 2024-07-10T01:37:01.753Z - [REQUEST]: Responding to the client. outputsHashesMatch
[NX Daemon Server] - 2024-07-10T01:37:01.753Z - Done responding to the client outputsHashesMatch
[NX Daemon Server] - 2024-07-10T01:37:01.753Z - Handled OUTPUTS_HASHES_MATCH. Handling time: 28. Response time: 0.
[NX Daemon Server] - 2024-07-10T01:37:01.782Z - [REQUEST]: Responding to the client. recordOutputsHash
[NX Daemon Server] - 2024-07-10T01:37:01.782Z - Done responding to the client recordOutputsHash
[NX Daemon Server] - 2024-07-10T01:37:01.782Z - Handled RECORD_OUTPUTS_HASH. Handling time: 28. Response time: 0.
[NX Daemon Server] - 2024-07-10T01:37:01.822Z - [REQUEST]: Responding to the client. outputsHashesMatch
[NX Daemon Server] - 2024-07-10T01:37:01.822Z - Done responding to the client outputsHashesMatch
[NX Daemon Server] - 2024-07-10T01:37:01.822Z - Handled OUTPUTS_HASHES_MATCH. Handling time: 35. Response time: 0.
[NX Daemon Server] - 2024-07-10T01:37:01.859Z - [REQUEST]: Responding to the client. outputsHashesMatch
[NX Daemon Server] - 2024-07-10T01:37:01.859Z - Done responding to the client outputsHashesMatch
[NX Daemon Server] - 2024-07-10T01:37:01.859Z - Handled OUTPUTS_HASHES_MATCH. Handling time: 33. Response time: 0.
[NX Daemon Server] - 2024-07-10T01:37:01.896Z - [REQUEST]: Responding to the client. recordOutputsHash
[NX Daemon Server] - 2024-07-10T01:37:01.896Z - Done responding to the client recordOutputsHash
[NX Daemon Server] - 2024-07-10T01:37:01.896Z - Handled RECORD_OUTPUTS_HASH. Handling time: 32. Response time: 0.
[NX Daemon Server] - 2024-07-10T01:37:01.930Z - [REQUEST]: Responding to the client. recordOutputsHash
[NX Daemon Server] - 2024-07-10T01:37:01.930Z - Done responding to the client recordOutputsHash
[NX Daemon Server] - 2024-07-10T01:37:01.930Z - Handled RECORD_OUTPUTS_HASH. Handling time: 33. Response time: 0.
[NX Daemon Server] - 2024-07-10T01:37:01.983Z - [REQUEST]: Responding to the client. outputsHashesMatch
[NX Daemon Server] - 2024-07-10T01:37:01.983Z - Done responding to the client outputsHashesMatch
[NX Daemon Server] - 2024-07-10T01:37:01.983Z - Handled OUTPUTS_HASHES_MATCH. Handling time: 50. Response time: 0.
[NX Daemon Server] - 2024-07-10T01:37:02.031Z - [REQUEST]: Responding to the client. recordOutputsHash
[NX Daemon Server] - 2024-07-10T01:37:02.032Z - Done responding to the client recordOutputsHash
[NX Daemon Server] - 2024-07-10T01:37:02.032Z - Handled RECORD_OUTPUTS_HASH. Handling time: 47. Response time: 1.
[NX Daemon Server] - 2024-07-10T01:37:02.811Z - [WATCHER]: Processing file changes in outputs
[NX Daemon Server] - 2024-07-10T01:37:02.864Z - [WATCHER]: Processing file changes in outputs
[NX Daemon Server] - 2024-07-10T01:37:02.910Z - [WATCHER]: apps/dialtone-documentation/docs/.vuepress/config.js.fcf28d18.mjs was created or restored
[NX Daemon Server] - 2024-07-10T01:37:03.013Z - [REQUEST]: Updated workspace context based on watched changes, recomputing project graph...
[NX Daemon Server] - 2024-07-10T01:37:03.013Z - [REQUEST]: apps/dialtone-documentation/docs/.vuepress/config.js.fcf28d18.mjs
[NX Daemon Server] - 2024-07-10T01:37:03.013Z - [REQUEST]: 
[NX Daemon Server] - 2024-07-10T01:37:03.080Z - [WATCHER]: apps/dialtone-documentation/docs/.vuepress/config.js.fcf28d18.mjs was deleted
[NX Daemon Server] - 2024-07-10T01:37:03.080Z - [WATCHER]: Processing file changes in outputs
[NX Daemon Server] - 2024-07-10T01:37:03.080Z - Time taken for 'hash changed files from watcher' 1.873500108718872ms
[NX Daemon Server] - 2024-07-10T01:37:03.285Z - [REQUEST]: Updated workspace context based on watched changes, recomputing project graph...
[NX Daemon Server] - 2024-07-10T01:37:03.285Z - [REQUEST]: 
[NX Daemon Server] - 2024-07-10T01:37:03.285Z - [REQUEST]: apps/dialtone-documentation/docs/.vuepress/config.js.fcf28d18.mjs
[NX Daemon Server] - 2024-07-10T01:37:03.355Z - Time taken for 'hash changed files from watcher' 3.8433339595794678ms
[NX Daemon Server] - 2024-07-10T01:37:03.643Z - [WATCHER]: Processing file changes in outputs
[NX Daemon Server] - 2024-07-10T01:37:04.450Z - [REQUEST]: Responding to the client. recordOutputsHash
[NX Daemon Server] - 2024-07-10T01:37:04.450Z - Done responding to the client recordOutputsHash
[NX Daemon Server] - 2024-07-10T01:37:04.450Z - Handled RECORD_OUTPUTS_HASH. Handling time: 0. Response time: 0.
[NX Daemon Server] - 2024-07-10T01:39:05.249Z - [WATCHER]: apps/dialtone-documentation/docs/.vuepress/theme/index.js was modified
[NX Daemon Server] - 2024-07-10T01:39:05.250Z - [WATCHER]: Processing file changes in outputs
[NX Daemon Server] - 2024-07-10T01:39:05.660Z - [REQUEST]: Updated workspace context based on watched changes, recomputing project graph...
[NX Daemon Server] - 2024-07-10T01:39:05.660Z - [REQUEST]: apps/dialtone-documentation/docs/.vuepress/theme/index.js
[NX Daemon Server] - 2024-07-10T01:39:05.660Z - [REQUEST]: 
[NX Daemon Server] - 2024-07-10T01:39:05.770Z - Time taken for 'hash changed files from watcher' 6.920500040054321ms
[NX Daemon Server] - 2024-07-10T01:39:09.768Z - Closed a connection. Number of open connections: 1
[NX Daemon Server] - 2024-07-10T01:39:09.834Z - [REQUEST]: Responding to the client. recordOutputsHash
[NX Daemon Server] - 2024-07-10T01:39:09.834Z - Done responding to the client recordOutputsHash
[NX Daemon Server] - 2024-07-10T01:39:09.834Z - Handled RECORD_OUTPUTS_HASH. Handling time: 0. Response time: 0.
[NX Daemon Server] - 2024-07-10T01:39:09.839Z - Closed a connection. Number of open connections: 0
[NX Daemon Server] - 2024-07-10T01:39:11.184Z - Established a connection. Number of open connections: 1
[NX Daemon Server] - 2024-07-10T01:39:11.184Z - Closed a connection. Number of open connections: 0
[NX Daemon Server] - 2024-07-10T01:39:11.185Z - Established a connection. Number of open connections: 1
[NX Daemon Server] - 2024-07-10T01:39:11.186Z - [REQUEST]: Client Request for Project Graph Received
[NX Daemon Server] - 2024-07-10T01:39:11.186Z - [REQUEST]: Responding to the client. project-graph
[NX Daemon Server] - 2024-07-10T01:39:11.189Z - Time taken for 'total for creating and serializing project graph' 0.12433314323425293ms
[NX Daemon Server] - 2024-07-10T01:39:11.192Z - Done responding to the client project-graph
[NX Daemon Server] - 2024-07-10T01:39:11.192Z - Handled REQUEST_PROJECT_GRAPH. Handling time: 0. Response time: 6.
[NX Daemon Server] - 2024-07-10T01:39:11.225Z - [REQUEST]: Responding to the client. handleHashTasks
[NX Daemon Server] - 2024-07-10T01:39:11.226Z - Done responding to the client handleHashTasks
[NX Daemon Server] - 2024-07-10T01:39:11.226Z - Handled HASH_TASKS. Handling time: 23. Response time: 1.
[NX Daemon Server] - 2024-07-10T01:39:11.855Z - Established a connection. Number of open connections: 2
[NX Daemon Server] - 2024-07-10T01:39:11.855Z - Closed a connection. Number of open connections: 1
[NX Daemon Server] - 2024-07-10T01:39:11.856Z - Established a connection. Number of open connections: 2
[NX Daemon Server] - 2024-07-10T01:39:11.857Z - [REQUEST]: Client Request for Project Graph Received
[NX Daemon Server] - 2024-07-10T01:39:11.857Z - [REQUEST]: Responding to the client. project-graph
[NX Daemon Server] - 2024-07-10T01:39:11.860Z - Time taken for 'total for creating and serializing project graph' 0.10020780563354492ms
[NX Daemon Server] - 2024-07-10T01:39:11.863Z - Done responding to the client project-graph
[NX Daemon Server] - 2024-07-10T01:39:11.863Z - Handled REQUEST_PROJECT_GRAPH. Handling time: 0. Response time: 6.
[NX Daemon Server] - 2024-07-10T01:39:11.909Z - [REQUEST]: Responding to the client. handleHashTasks
[NX Daemon Server] - 2024-07-10T01:39:11.911Z - Done responding to the client handleHashTasks
[NX Daemon Server] - 2024-07-10T01:39:11.911Z - Handled HASH_TASKS. Handling time: 33. Response time: 2.
[NX Daemon Server] - 2024-07-10T01:39:11.982Z - [REQUEST]: Responding to the client. outputsHashesMatch
[NX Daemon Server] - 2024-07-10T01:39:11.982Z - Done responding to the client outputsHashesMatch
[NX Daemon Server] - 2024-07-10T01:39:11.982Z - Handled OUTPUTS_HASHES_MATCH. Handling time: 26. Response time: 0.
[NX Daemon Server] - 2024-07-10T01:39:12.055Z - [REQUEST]: Responding to the client. outputsHashesMatch
[NX Daemon Server] - 2024-07-10T01:39:12.055Z - Done responding to the client outputsHashesMatch
[NX Daemon Server] - 2024-07-10T01:39:12.055Z - Handled OUTPUTS_HASHES_MATCH. Handling time: 31. Response time: 0.
[NX Daemon Server] - 2024-07-10T01:39:12.122Z - [REQUEST]: Responding to the client. recordOutputsHash
[NX Daemon Server] - 2024-07-10T01:39:12.122Z - Done responding to the client recordOutputsHash
[NX Daemon Server] - 2024-07-10T01:39:12.122Z - Handled RECORD_OUTPUTS_HASH. Handling time: 25. Response time: 0.
[NX Daemon Server] - 2024-07-10T01:39:12.149Z - [REQUEST]: Responding to the client. recordOutputsHash
[NX Daemon Server] - 2024-07-10T01:39:12.149Z - Done responding to the client recordOutputsHash
[NX Daemon Server] - 2024-07-10T01:39:12.150Z - Handled RECORD_OUTPUTS_HASH. Handling time: 26. Response time: 1.
[NX Daemon Server] - 2024-07-10T01:39:12.186Z - [REQUEST]: Responding to the client. outputsHashesMatch
[NX Daemon Server] - 2024-07-10T01:39:12.186Z - Done responding to the client outputsHashesMatch
[NX Daemon Server] - 2024-07-10T01:39:12.186Z - Handled OUTPUTS_HASHES_MATCH. Handling time: 27. Response time: 0.
[NX Daemon Server] - 2024-07-10T01:39:12.215Z - [REQUEST]: Responding to the client. recordOutputsHash
[NX Daemon Server] - 2024-07-10T01:39:12.215Z - Done responding to the client recordOutputsHash
[NX Daemon Server] - 2024-07-10T01:39:12.215Z - Handled RECORD_OUTPUTS_HASH. Handling time: 28. Response time: 0.
[NX Daemon Server] - 2024-07-10T01:39:12.255Z - [REQUEST]: Responding to the client. outputsHashesMatch
[NX Daemon Server] - 2024-07-10T01:39:12.255Z - Done responding to the client outputsHashesMatch
[NX Daemon Server] - 2024-07-10T01:39:12.255Z - Handled OUTPUTS_HASHES_MATCH. Handling time: 35. Response time: 0.
[NX Daemon Server] - 2024-07-10T01:39:12.292Z - [REQUEST]: Responding to the client. outputsHashesMatch
[NX Daemon Server] - 2024-07-10T01:39:12.292Z - Done responding to the client outputsHashesMatch
[NX Daemon Server] - 2024-07-10T01:39:12.292Z - Handled OUTPUTS_HASHES_MATCH. Handling time: 33. Response time: 0.
[NX Daemon Server] - 2024-07-10T01:39:12.328Z - [REQUEST]: Responding to the client. recordOutputsHash
[NX Daemon Server] - 2024-07-10T01:39:12.328Z - Done responding to the client recordOutputsHash
[NX Daemon Server] - 2024-07-10T01:39:12.328Z - Handled RECORD_OUTPUTS_HASH. Handling time: 33. Response time: 0.
[NX Daemon Server] - 2024-07-10T01:39:12.361Z - [REQUEST]: Responding to the client. recordOutputsHash
[NX Daemon Server] - 2024-07-10T01:39:12.361Z - Done responding to the client recordOutputsHash
[NX Daemon Server] - 2024-07-10T01:39:12.361Z - Handled RECORD_OUTPUTS_HASH. Handling time: 33. Response time: 0.
[NX Daemon Server] - 2024-07-10T01:39:12.414Z - [REQUEST]: Responding to the client. outputsHashesMatch
[NX Daemon Server] - 2024-07-10T01:39:12.414Z - Done responding to the client outputsHashesMatch
[NX Daemon Server] - 2024-07-10T01:39:12.414Z - Handled OUTPUTS_HASHES_MATCH. Handling time: 50. Response time: 0.
[NX Daemon Server] - 2024-07-10T01:39:12.464Z - [REQUEST]: Responding to the client. recordOutputsHash
[NX Daemon Server] - 2024-07-10T01:39:12.464Z - Done responding to the client recordOutputsHash
[NX Daemon Server] - 2024-07-10T01:39:12.464Z - Handled RECORD_OUTPUTS_HASH. Handling time: 49. Response time: 0.
[NX Daemon Server] - 2024-07-10T01:39:13.232Z - [WATCHER]: Processing file changes in outputs
[NX Daemon Server] - 2024-07-10T01:39:13.284Z - [WATCHER]: Processing file changes in outputs
[NX Daemon Server] - 2024-07-10T01:39:13.338Z - [WATCHER]: Processing file changes in outputs
[NX Daemon Server] - 2024-07-10T01:39:13.339Z - [WATCHER]: apps/dialtone-documentation/docs/.vuepress/config.js.112a2380.mjs was created or restored
[NX Daemon Server] - 2024-07-10T01:39:13.442Z - [REQUEST]: Updated workspace context based on watched changes, recomputing project graph...
[NX Daemon Server] - 2024-07-10T01:39:13.442Z - [REQUEST]: apps/dialtone-documentation/docs/.vuepress/config.js.112a2380.mjs
[NX Daemon Server] - 2024-07-10T01:39:13.442Z - [REQUEST]: 
[NX Daemon Server] - 2024-07-10T01:39:13.606Z - [WATCHER]: apps/dialtone-documentation/docs/.vuepress/config.js.112a2380.mjs was deleted
[NX Daemon Server] - 2024-07-10T01:39:13.606Z - [WATCHER]: Processing file changes in outputs
[NX Daemon Server] - 2024-07-10T01:39:13.608Z - Time taken for 'hash changed files from watcher' 1.87404203414917ms
[NX Daemon Server] - 2024-07-10T01:39:13.813Z - [REQUEST]: Updated workspace context based on watched changes, recomputing project graph...
[NX Daemon Server] - 2024-07-10T01:39:13.813Z - [REQUEST]: 
[NX Daemon Server] - 2024-07-10T01:39:13.813Z - [REQUEST]: apps/dialtone-documentation/docs/.vuepress/config.js.112a2380.mjs
[NX Daemon Server] - 2024-07-10T01:39:13.922Z - Time taken for 'hash changed files from watcher' 6.08020806312561ms
[NX Daemon Server] - 2024-07-10T01:39:14.223Z - [WATCHER]: Processing file changes in outputs
[NX Daemon Server] - 2024-07-10T01:39:15.009Z - [WATCHER]: Processing file changes in outputs
[NX Daemon Server] - 2024-07-10T01:39:15.063Z - [WATCHER]: Processing file changes in outputs
[NX Daemon Server] - 2024-07-10T01:39:47.785Z - [WATCHER]: apps/dialtone-documentation/docs/.vuepress/theme/index.js was modified
[NX Daemon Server] - 2024-07-10T01:39:47.786Z - [WATCHER]: Processing file changes in outputs
[NX Daemon Server] - 2024-07-10T01:39:47.916Z - [WATCHER]: Processing file changes in outputs
[NX Daemon Server] - 2024-07-10T01:39:47.917Z - [WATCHER]: apps/dialtone-documentation/docs/.vuepress/config.js.72c1089a.mjs was deleted
[NX Daemon Server] - 2024-07-10T01:39:48.194Z - [REQUEST]: Updated workspace context based on watched changes, recomputing project graph...
[NX Daemon Server] - 2024-07-10T01:39:48.194Z - [REQUEST]: apps/dialtone-documentation/docs/.vuepress/theme/index.js
[NX Daemon Server] - 2024-07-10T01:39:48.194Z - [REQUEST]: apps/dialtone-documentation/docs/.vuepress/config.js.72c1089a.mjs
[NX Daemon Server] - 2024-07-10T01:39:48.289Z - Time taken for 'hash changed files from watcher' 6.459666967391968ms
[NX Daemon Server] - 2024-07-10T01:39:49.153Z - [REQUEST]: Responding to the client. recordOutputsHash
[NX Daemon Server] - 2024-07-10T01:39:49.153Z - Done responding to the client recordOutputsHash
[NX Daemon Server] - 2024-07-10T01:39:49.153Z - Handled RECORD_OUTPUTS_HASH. Handling time: 0. Response time: 0.
[NX Daemon Server] - 2024-07-10T01:40:07.022Z - [WATCHER]: apps/dialtone-documentation/docs/.vuepress/theme/index.js was modified
[NX Daemon Server] - 2024-07-10T01:40:07.022Z - [WATCHER]: Processing file changes in outputs
[NX Daemon Server] - 2024-07-10T01:40:07.843Z - [REQUEST]: Updated workspace context based on watched changes, recomputing project graph...
[NX Daemon Server] - 2024-07-10T01:40:07.843Z - [REQUEST]: apps/dialtone-documentation/docs/.vuepress/theme/index.js
[NX Daemon Server] - 2024-07-10T01:40:07.843Z - [REQUEST]: 
[NX Daemon Server] - 2024-07-10T01:40:07.962Z - Time taken for 'hash changed files from watcher' 19.11549997329712ms
[NX Daemon Server] - 2024-07-10T01:40:13.169Z - Closed a connection. Number of open connections: 1
[NX Daemon Server] - 2024-07-10T01:40:13.238Z - [REQUEST]: Responding to the client. recordOutputsHash
[NX Daemon Server] - 2024-07-10T01:40:13.238Z - Done responding to the client recordOutputsHash
[NX Daemon Server] - 2024-07-10T01:40:13.238Z - Handled RECORD_OUTPUTS_HASH. Handling time: 0. Response time: 0.
[NX Daemon Server] - 2024-07-10T01:40:13.242Z - Closed a connection. Number of open connections: 0
[NX Daemon Server] - 2024-07-10T01:40:14.206Z - Established a connection. Number of open connections: 1
[NX Daemon Server] - 2024-07-10T01:40:14.206Z - Closed a connection. Number of open connections: 0
[NX Daemon Server] - 2024-07-10T01:40:14.207Z - Established a connection. Number of open connections: 1
[NX Daemon Server] - 2024-07-10T01:40:14.208Z - [REQUEST]: Client Request for Project Graph Received
[NX Daemon Server] - 2024-07-10T01:40:14.208Z - [REQUEST]: Responding to the client. project-graph
[NX Daemon Server] - 2024-07-10T01:40:14.211Z - Time taken for 'total for creating and serializing project graph' 0.14379215240478516ms
[NX Daemon Server] - 2024-07-10T01:40:14.214Z - Done responding to the client project-graph
[NX Daemon Server] - 2024-07-10T01:40:14.214Z - Handled REQUEST_PROJECT_GRAPH. Handling time: 0. Response time: 6.
[NX Daemon Server] - 2024-07-10T01:40:14.248Z - [REQUEST]: Responding to the client. handleHashTasks
[NX Daemon Server] - 2024-07-10T01:40:14.248Z - Done responding to the client handleHashTasks
[NX Daemon Server] - 2024-07-10T01:40:14.248Z - Handled HASH_TASKS. Handling time: 23. Response time: 0.
[NX Daemon Server] - 2024-07-10T01:40:14.882Z - Established a connection. Number of open connections: 2
[NX Daemon Server] - 2024-07-10T01:40:14.883Z - Closed a connection. Number of open connections: 1
[NX Daemon Server] - 2024-07-10T01:40:14.883Z - Established a connection. Number of open connections: 2
[NX Daemon Server] - 2024-07-10T01:40:14.884Z - [REQUEST]: Client Request for Project Graph Received
[NX Daemon Server] - 2024-07-10T01:40:14.884Z - [REQUEST]: Responding to the client. project-graph
[NX Daemon Server] - 2024-07-10T01:40:14.887Z - Time taken for 'total for creating and serializing project graph' 0.08333301544189453ms
[NX Daemon Server] - 2024-07-10T01:40:14.890Z - Done responding to the client project-graph
[NX Daemon Server] - 2024-07-10T01:40:14.890Z - Handled REQUEST_PROJECT_GRAPH. Handling time: 0. Response time: 6.
[NX Daemon Server] - 2024-07-10T01:40:14.935Z - [REQUEST]: Responding to the client. handleHashTasks
[NX Daemon Server] - 2024-07-10T01:40:14.937Z - Done responding to the client handleHashTasks
[NX Daemon Server] - 2024-07-10T01:40:14.937Z - Handled HASH_TASKS. Handling time: 33. Response time: 2.
[NX Daemon Server] - 2024-07-10T01:40:15.011Z - [REQUEST]: Responding to the client. outputsHashesMatch
[NX Daemon Server] - 2024-07-10T01:40:15.011Z - Done responding to the client outputsHashesMatch
[NX Daemon Server] - 2024-07-10T01:40:15.011Z - Handled OUTPUTS_HASHES_MATCH. Handling time: 25. Response time: 0.
[NX Daemon Server] - 2024-07-10T01:40:15.080Z - [REQUEST]: Responding to the client. outputsHashesMatch
[NX Daemon Server] - 2024-07-10T01:40:15.080Z - Done responding to the client outputsHashesMatch
[NX Daemon Server] - 2024-07-10T01:40:15.080Z - Handled OUTPUTS_HASHES_MATCH. Handling time: 31. Response time: 0.
[NX Daemon Server] - 2024-07-10T01:40:15.148Z - [REQUEST]: Responding to the client. recordOutputsHash
[NX Daemon Server] - 2024-07-10T01:40:15.148Z - Done responding to the client recordOutputsHash
[NX Daemon Server] - 2024-07-10T01:40:15.148Z - Handled RECORD_OUTPUTS_HASH. Handling time: 25. Response time: 0.
[NX Daemon Server] - 2024-07-10T01:40:15.177Z - [REQUEST]: Responding to the client. recordOutputsHash
[NX Daemon Server] - 2024-07-10T01:40:15.177Z - Done responding to the client recordOutputsHash
[NX Daemon Server] - 2024-07-10T01:40:15.177Z - Handled RECORD_OUTPUTS_HASH. Handling time: 27. Response time: 0.
[NX Daemon Server] - 2024-07-10T01:40:15.215Z - [REQUEST]: Responding to the client. outputsHashesMatch
[NX Daemon Server] - 2024-07-10T01:40:15.215Z - Done responding to the client outputsHashesMatch
[NX Daemon Server] - 2024-07-10T01:40:15.215Z - Handled OUTPUTS_HASHES_MATCH. Handling time: 27. Response time: 0.
[NX Daemon Server] - 2024-07-10T01:40:15.246Z - [REQUEST]: Responding to the client. recordOutputsHash
[NX Daemon Server] - 2024-07-10T01:40:15.246Z - Done responding to the client recordOutputsHash
[NX Daemon Server] - 2024-07-10T01:40:15.246Z - Handled RECORD_OUTPUTS_HASH. Handling time: 30. Response time: 0.
[NX Daemon Server] - 2024-07-10T01:40:15.284Z - [REQUEST]: Responding to the client. outputsHashesMatch
[NX Daemon Server] - 2024-07-10T01:40:15.284Z - Done responding to the client outputsHashesMatch
[NX Daemon Server] - 2024-07-10T01:40:15.284Z - Handled OUTPUTS_HASHES_MATCH. Handling time: 34. Response time: 0.
[NX Daemon Server] - 2024-07-10T01:40:15.321Z - [REQUEST]: Responding to the client. outputsHashesMatch
[NX Daemon Server] - 2024-07-10T01:40:15.321Z - Done responding to the client outputsHashesMatch
[NX Daemon Server] - 2024-07-10T01:40:15.321Z - Handled OUTPUTS_HASHES_MATCH. Handling time: 33. Response time: 0.
[NX Daemon Server] - 2024-07-10T01:40:15.357Z - [REQUEST]: Responding to the client. recordOutputsHash
[NX Daemon Server] - 2024-07-10T01:40:15.357Z - Done responding to the client recordOutputsHash
[NX Daemon Server] - 2024-07-10T01:40:15.357Z - Handled RECORD_OUTPUTS_HASH. Handling time: 32. Response time: 0.
[NX Daemon Server] - 2024-07-10T01:40:15.391Z - [REQUEST]: Responding to the client. recordOutputsHash
[NX Daemon Server] - 2024-07-10T01:40:15.391Z - Done responding to the client recordOutputsHash
[NX Daemon Server] - 2024-07-10T01:40:15.391Z - Handled RECORD_OUTPUTS_HASH. Handling time: 33. Response time: 0.
[NX Daemon Server] - 2024-07-10T01:40:15.443Z - [REQUEST]: Responding to the client. outputsHashesMatch
[NX Daemon Server] - 2024-07-10T01:40:15.443Z - Done responding to the client outputsHashesMatch
[NX Daemon Server] - 2024-07-10T01:40:15.443Z - Handled OUTPUTS_HASHES_MATCH. Handling time: 50. Response time: 0.
[NX Daemon Server] - 2024-07-10T01:40:15.492Z - [REQUEST]: Responding to the client. recordOutputsHash
[NX Daemon Server] - 2024-07-10T01:40:15.492Z - Done responding to the client recordOutputsHash
[NX Daemon Server] - 2024-07-10T01:40:15.492Z - Handled RECORD_OUTPUTS_HASH. Handling time: 48. Response time: 0.
[NX Daemon Server] - 2024-07-10T01:40:16.309Z - [WATCHER]: Processing file changes in outputs
[NX Daemon Server] - 2024-07-10T01:40:16.376Z - [WATCHER]: Processing file changes in outputs
[NX Daemon Server] - 2024-07-10T01:40:16.389Z - [WATCHER]: apps/dialtone-documentation/docs/.vuepress/config.js.112a2380.mjs was created or restored
[NX Daemon Server] - 2024-07-10T01:40:16.493Z - [REQUEST]: Updated workspace context based on watched changes, recomputing project graph...
[NX Daemon Server] - 2024-07-10T01:40:16.493Z - [REQUEST]: apps/dialtone-documentation/docs/.vuepress/config.js.112a2380.mjs
[NX Daemon Server] - 2024-07-10T01:40:16.493Z - [REQUEST]: 
[NX Daemon Server] - 2024-07-10T01:40:16.562Z - [WATCHER]: apps/dialtone-documentation/docs/.vuepress/config.js.112a2380.mjs was deleted
[NX Daemon Server] - 2024-07-10T01:40:16.562Z - [WATCHER]: Processing file changes in outputs
[NX Daemon Server] - 2024-07-10T01:40:16.562Z - Time taken for 'hash changed files from watcher' 1.9753329753875732ms
[NX Daemon Server] - 2024-07-10T01:40:16.772Z - [REQUEST]: Updated workspace context based on watched changes, recomputing project graph...
[NX Daemon Server] - 2024-07-10T01:40:16.772Z - [REQUEST]: 
[NX Daemon Server] - 2024-07-10T01:40:16.772Z - [REQUEST]: apps/dialtone-documentation/docs/.vuepress/config.js.112a2380.mjs
[NX Daemon Server] - 2024-07-10T01:40:16.844Z - Time taken for 'hash changed files from watcher' 4.4377501010894775ms
[NX Daemon Server] - 2024-07-10T01:40:17.239Z - [WATCHER]: Processing file changes in outputs
[NX Daemon Server] - 2024-07-10T01:40:17.933Z - [WATCHER]: Processing file changes in outputs
[NX Daemon Server] - 2024-07-10T01:40:17.989Z - [WATCHER]: Processing file changes in outputs
[NX Daemon Server] - 2024-07-10T01:42:11.618Z - [WATCHER]: apps/dialtone-documentation/docs/.vuepress/theme/index.js was modified
[NX Daemon Server] - 2024-07-10T01:42:11.618Z - [WATCHER]: Processing file changes in outputs
[NX Daemon Server] - 2024-07-10T01:42:11.869Z - [WATCHER]: apps/dialtone-documentation/docs/.vuepress/config.js.8dcdbd00.mjs was deleted
[NX Daemon Server] - 2024-07-10T01:42:11.869Z - [WATCHER]: Processing file changes in outputs
[NX Daemon Server] - 2024-07-10T01:42:12.023Z - [REQUEST]: Updated workspace context based on watched changes, recomputing project graph...
[NX Daemon Server] - 2024-07-10T01:42:12.023Z - [REQUEST]: apps/dialtone-documentation/docs/.vuepress/theme/index.js
[NX Daemon Server] - 2024-07-10T01:42:12.023Z - [REQUEST]: apps/dialtone-documentation/docs/.vuepress/config.js.8dcdbd00.mjs
[NX Daemon Server] - 2024-07-10T01:42:12.128Z - Time taken for 'hash changed files from watcher' 3.5306661128997803ms
[NX Daemon Server] - 2024-07-10T01:42:13.163Z - [REQUEST]: Responding to the client. recordOutputsHash
[NX Daemon Server] - 2024-07-10T01:42:13.163Z - Done responding to the client recordOutputsHash
[NX Daemon Server] - 2024-07-10T01:42:13.163Z - Handled RECORD_OUTPUTS_HASH. Handling time: 0. Response time: 0.
[NX Daemon Server] - 2024-07-10T01:48:24.388Z - [WATCHER]: apps/dialtone-documentation/docs/.vuepress/theme/index.js was modified
[NX Daemon Server] - 2024-07-10T01:48:24.390Z - [WATCHER]: Processing file changes in outputs
[NX Daemon Server] - 2024-07-10T01:48:25.201Z - [REQUEST]: Updated workspace context based on watched changes, recomputing project graph...
[NX Daemon Server] - 2024-07-10T01:48:25.201Z - [REQUEST]: apps/dialtone-documentation/docs/.vuepress/theme/index.js
[NX Daemon Server] - 2024-07-10T01:48:25.201Z - [REQUEST]: 
[NX Daemon Server] - 2024-07-10T01:48:25.338Z - Time taken for 'hash changed files from watcher' 10.475374937057495ms
[NX Daemon Server] - 2024-07-10T01:48:29.574Z - Closed a connection. Number of open connections: 1
[NX Daemon Server] - 2024-07-10T01:48:29.641Z - [REQUEST]: Responding to the client. recordOutputsHash
[NX Daemon Server] - 2024-07-10T01:48:29.641Z - Done responding to the client recordOutputsHash
[NX Daemon Server] - 2024-07-10T01:48:29.641Z - Handled RECORD_OUTPUTS_HASH. Handling time: 0. Response time: 0.
[NX Daemon Server] - 2024-07-10T01:48:29.646Z - Closed a connection. Number of open connections: 0
[NX Daemon Server] - 2024-07-10T01:48:30.399Z - Established a connection. Number of open connections: 1
[NX Daemon Server] - 2024-07-10T01:48:30.399Z - Closed a connection. Number of open connections: 0
[NX Daemon Server] - 2024-07-10T01:48:30.400Z - Established a connection. Number of open connections: 1
[NX Daemon Server] - 2024-07-10T01:48:30.401Z - [REQUEST]: Client Request for Project Graph Received
[NX Daemon Server] - 2024-07-10T01:48:30.401Z - [REQUEST]: Responding to the client. project-graph
[NX Daemon Server] - 2024-07-10T01:48:30.404Z - Time taken for 'total for creating and serializing project graph' 0.13812518119812012ms
[NX Daemon Server] - 2024-07-10T01:48:30.407Z - Done responding to the client project-graph
[NX Daemon Server] - 2024-07-10T01:48:30.407Z - Handled REQUEST_PROJECT_GRAPH. Handling time: 0. Response time: 6.
[NX Daemon Server] - 2024-07-10T01:48:30.441Z - [REQUEST]: Responding to the client. handleHashTasks
[NX Daemon Server] - 2024-07-10T01:48:30.442Z - Done responding to the client handleHashTasks
[NX Daemon Server] - 2024-07-10T01:48:30.442Z - Handled HASH_TASKS. Handling time: 24. Response time: 1.
[NX Daemon Server] - 2024-07-10T01:48:31.075Z - Established a connection. Number of open connections: 2
[NX Daemon Server] - 2024-07-10T01:48:31.075Z - Closed a connection. Number of open connections: 1
[NX Daemon Server] - 2024-07-10T01:48:31.075Z - Established a connection. Number of open connections: 2
[NX Daemon Server] - 2024-07-10T01:48:31.076Z - [REQUEST]: Client Request for Project Graph Received
[NX Daemon Server] - 2024-07-10T01:48:31.077Z - [REQUEST]: Responding to the client. project-graph
[NX Daemon Server] - 2024-07-10T01:48:31.080Z - Time taken for 'total for creating and serializing project graph' 0.08899998664855957ms
[NX Daemon Server] - 2024-07-10T01:48:31.083Z - Done responding to the client project-graph
[NX Daemon Server] - 2024-07-10T01:48:31.083Z - Handled REQUEST_PROJECT_GRAPH. Handling time: 1. Response time: 6.
[NX Daemon Server] - 2024-07-10T01:48:31.127Z - [REQUEST]: Responding to the client. handleHashTasks
[NX Daemon Server] - 2024-07-10T01:48:31.129Z - Done responding to the client handleHashTasks
[NX Daemon Server] - 2024-07-10T01:48:31.129Z - Handled HASH_TASKS. Handling time: 32. Response time: 2.
[NX Daemon Server] - 2024-07-10T01:48:31.255Z - [REQUEST]: Responding to the client. outputsHashesMatch
[NX Daemon Server] - 2024-07-10T01:48:31.255Z - Done responding to the client outputsHashesMatch
[NX Daemon Server] - 2024-07-10T01:48:31.255Z - Handled OUTPUTS_HASHES_MATCH. Handling time: 78. Response time: 0.
[NX Daemon Server] - 2024-07-10T01:48:31.341Z - [REQUEST]: Responding to the client. outputsHashesMatch
[NX Daemon Server] - 2024-07-10T01:48:31.341Z - Done responding to the client outputsHashesMatch
[NX Daemon Server] - 2024-07-10T01:48:31.341Z - Handled OUTPUTS_HASHES_MATCH. Handling time: 40. Response time: 0.
[NX Daemon Server] - 2024-07-10T01:48:31.413Z - [REQUEST]: Responding to the client. recordOutputsHash
[NX Daemon Server] - 2024-07-10T01:48:31.413Z - Done responding to the client recordOutputsHash
[NX Daemon Server] - 2024-07-10T01:48:31.413Z - Handled RECORD_OUTPUTS_HASH. Handling time: 34. Response time: 0.
[NX Daemon Server] - 2024-07-10T01:48:31.440Z - [REQUEST]: Responding to the client. recordOutputsHash
[NX Daemon Server] - 2024-07-10T01:48:31.441Z - Done responding to the client recordOutputsHash
[NX Daemon Server] - 2024-07-10T01:48:31.441Z - Handled RECORD_OUTPUTS_HASH. Handling time: 26. Response time: 1.
[NX Daemon Server] - 2024-07-10T01:48:31.470Z - [REQUEST]: Responding to the client. outputsHashesMatch
[NX Daemon Server] - 2024-07-10T01:48:31.470Z - Done responding to the client outputsHashesMatch
[NX Daemon Server] - 2024-07-10T01:48:31.470Z - Handled OUTPUTS_HASHES_MATCH. Handling time: 29. Response time: 0.
[NX Daemon Server] - 2024-07-10T01:48:31.499Z - [REQUEST]: Responding to the client. recordOutputsHash
[NX Daemon Server] - 2024-07-10T01:48:31.499Z - Done responding to the client recordOutputsHash
[NX Daemon Server] - 2024-07-10T01:48:31.499Z - Handled RECORD_OUTPUTS_HASH. Handling time: 28. Response time: 0.
[NX Daemon Server] - 2024-07-10T01:48:31.538Z - [REQUEST]: Responding to the client. outputsHashesMatch
[NX Daemon Server] - 2024-07-10T01:48:31.538Z - Done responding to the client outputsHashesMatch
[NX Daemon Server] - 2024-07-10T01:48:31.538Z - Handled OUTPUTS_HASHES_MATCH. Handling time: 34. Response time: 0.
[NX Daemon Server] - 2024-07-10T01:48:31.574Z - [REQUEST]: Responding to the client. outputsHashesMatch
[NX Daemon Server] - 2024-07-10T01:48:31.574Z - Done responding to the client outputsHashesMatch
[NX Daemon Server] - 2024-07-10T01:48:31.574Z - Handled OUTPUTS_HASHES_MATCH. Handling time: 32. Response time: 0.
[NX Daemon Server] - 2024-07-10T01:48:31.611Z - [REQUEST]: Responding to the client. recordOutputsHash
[NX Daemon Server] - 2024-07-10T01:48:31.611Z - Done responding to the client recordOutputsHash
[NX Daemon Server] - 2024-07-10T01:48:31.611Z - Handled RECORD_OUTPUTS_HASH. Handling time: 33. Response time: 0.
[NX Daemon Server] - 2024-07-10T01:48:31.645Z - [REQUEST]: Responding to the client. recordOutputsHash
[NX Daemon Server] - 2024-07-10T01:48:31.645Z - Done responding to the client recordOutputsHash
[NX Daemon Server] - 2024-07-10T01:48:31.645Z - Handled RECORD_OUTPUTS_HASH. Handling time: 33. Response time: 0.
[NX Daemon Server] - 2024-07-10T01:48:31.697Z - [REQUEST]: Responding to the client. outputsHashesMatch
[NX Daemon Server] - 2024-07-10T01:48:31.697Z - Done responding to the client outputsHashesMatch
[NX Daemon Server] - 2024-07-10T01:48:31.697Z - Handled OUTPUTS_HASHES_MATCH. Handling time: 50. Response time: 0.
[NX Daemon Server] - 2024-07-10T01:48:31.747Z - [REQUEST]: Responding to the client. recordOutputsHash
[NX Daemon Server] - 2024-07-10T01:48:31.747Z - Done responding to the client recordOutputsHash
[NX Daemon Server] - 2024-07-10T01:48:31.747Z - Handled RECORD_OUTPUTS_HASH. Handling time: 50. Response time: 0.
[NX Daemon Server] - 2024-07-10T01:48:32.508Z - [WATCHER]: Processing file changes in outputs
[NX Daemon Server] - 2024-07-10T01:48:32.562Z - [WATCHER]: Processing file changes in outputs
[NX Daemon Server] - 2024-07-10T01:48:32.619Z - [WATCHER]: Processing file changes in outputs
[NX Daemon Server] - 2024-07-10T01:48:32.660Z - [WATCHER]: apps/dialtone-documentation/docs/.vuepress/config.js.112a2380.mjs was created or restored
[NX Daemon Server] - 2024-07-10T01:48:32.752Z - [WATCHER]: apps/dialtone-documentation/docs/.vuepress/config.js.112a2380.mjs was deleted
[NX Daemon Server] - 2024-07-10T01:48:32.752Z - [WATCHER]: Processing file changes in outputs
[NX Daemon Server] - 2024-07-10T01:48:32.764Z - [REQUEST]: Updated workspace context based on watched changes, recomputing project graph...
[NX Daemon Server] - 2024-07-10T01:48:32.764Z - [REQUEST]: 
[NX Daemon Server] - 2024-07-10T01:48:32.764Z - [REQUEST]: apps/dialtone-documentation/docs/.vuepress/config.js.112a2380.mjs
[NX Daemon Server] - 2024-07-10T01:48:32.838Z - Time taken for 'hash changed files from watcher' 2.1012091636657715ms
[NX Daemon Server] - 2024-07-10T01:48:33.432Z - [WATCHER]: Processing file changes in outputs
[NX Daemon Server] - 2024-07-10T01:48:34.139Z - [WATCHER]: Processing file changes in outputs
[NX Daemon Server] - 2024-07-10T01:48:34.195Z - [WATCHER]: Processing file changes in outputs
